0:0:0:0:0:0:0:1 -  -  [16/一月/2017:09:40:16 +0800] "GET /itava/main/index HTTP/1.1" 302 0 
0:0:0:0:0:0:0:1 -  -  [16/一月/2017:09:40:16 +0800] "GET /itava/user/showUser HTTP/1.1" 200 2703 
0:0:0:0:0:0:0:1 -  -  [16/一月/2017:09:40:19 +0800] "GET /itava/aframe/bootstrap/css/bootstrap.min.css HTTP/1.1" 304 0 
0:0:0:0:0:0:0:1 -  -  [16/一月/2017:09:40:19 +0800] "GET /itava/aframe/adminlte/css/skins/skin-blue.min.css HTTP/1.1" 304 0 
0:0:0:0:0:0:0:1 -  -  [16/一月/2017:09:40:19 +0800] "GET /itava/aframe/adminlte/css/AdminLTE.min.css HTTP/1.1" 304 0 
0:0:0:0:0:0:0:1 -  -  [16/一月/2017:09:40:19 +0800] "GET /itava/commonjs/closable-tab-div.js HTTP/1.1" 304 0 
0:0:0:0:0:0:0:1 -  -  [16/一月/2017:09:40:19 +0800] "GET /itava/commonjs/self_define.js HTTP/1.1" 304 0 
0:0:0:0:0:0:0:1 -  -  [16/一月/2017:09:42:04 +0800] "GET /itava/main/index HTTP/1.1" 302 0 
0:0:0:0:0:0:0:1 -  -  [16/一月/2017:09:42:04 +0800] "GET /itava/main/index HTTP/1.1" 302 0 
0:0:0:0:0:0:0:1 -  -  [16/一月/2017:09:42:04 +0800] "GET /itava/bsUser/showUser HTTP/1.1" 200 11404 
0:0:0:0:0:0:0:1 -  -  [16/一月/2017:09:42:04 +0800] "GET /itava/bsUser/showUser HTTP/1.1" 200 11404 
0:0:0:0:0:0:0:1 -  -  [16/一月/2017:09:42:07 +0800] "GET /itava/bsUser/bsUser/selectUserPage?truename=&telephone= HTTP/1.1" 200 2703 
0:0:0:0:0:0:0:1 -  -  [16/一月/2017:09:42:08 +0800] "GET /itava/commonjs/jQuery-2.2.0.min.js?_=1484530927657 HTTP/1.1" 200 85589 
0:0:0:0:0:0:0:1 -  -  [16/一月/2017:09:42:08 +0800] "GET /itava/aframe/bootstrap/js/bootstrap.min.js?_=1484530927658 HTTP/1.1" 200 36816 
0:0:0:0:0:0:0:1 -  -  [16/一月/2017:09:42:08 +0800] "GET /itava/aframe/adminlte/js/app.js?_=1484530927659 HTTP/1.1" 200 22743 
0:0:0:0:0:0:0:1 -  -  [16/一月/2017:09:42:07 +0800] "GET /itava/bsResource/getLeftMenu?_=1484530927656 HTTP/1.1" 200 726 
0:0:0:0:0:0:0:1 -  -  [16/一月/2017:09:42:08 +0800] "GET /itava/aframe/bootstrap-table/bootstrap-table.js?_=1484530927660 HTTP/1.1" 200 112509 
0:0:0:0:0:0:0:1 -  -  [16/一月/2017:09:42:08 +0800] "GET /itava/aframe/bootstrap-table/bootstrap-table-zh-CN.js?_=1484530927661 HTTP/1.1" 200 1268 
0:0:0:0:0:0:0:1 -  -  [16/一月/2017:09:42:08 +0800] "GET /itava/aframe/datatables/jquery.dataTables.js?_=1484530927662 HTTP/1.1" 200 438979 
0:0:0:0:0:0:0:1 -  -  [16/一月/2017:09:42:08 +0800] "GET /itava/aframe/datatables/dataTables.bootstrap.min.js?_=1484530927663 HTTP/1.1" 200 2065 
0:0:0:0:0:0:0:1 -  -  [16/一月/2017:09:42:08 +0800] "GET /itava/aframe/slimScroll/jquery.slimscroll.min.js?_=1484530927664 HTTP/1.1" 200 6230 
0:0:0:0:0:0:0:1 -  -  [16/一月/2017:09:42:08 +0800] "GET /itava/aframe/bootstrap-paginator/bootstrap-paginator.min.js?_=1484530927665 HTTP/1.1" 200 9373 
0:0:0:0:0:0:0:1 -  -  [16/一月/2017:09:42:08 +0800] "GET /itava/commonjs/closable-tab-div.js?_=1484530927666 HTTP/1.1" 200 1783 
0:0:0:0:0:0:0:1 -  -  [16/一月/2017:09:42:08 +0800] "GET /itava/commonjs/self_define.js?_=1484530927667 HTTP/1.1" 200 823 
0:0:0:0:0:0:0:1 -  -  [16/一月/2017:09:42:34 +0800] "GET /itava/undefined HTTP/1.1" 200 2703 
0:0:0:0:0:0:0:1 -  -  [16/一月/2017:09:42:38 +0800] "GET /itava/bsResource/getLeftMenu?_=1484530957943 HTTP/1.1" 200 726 
0:0:0:0:0:0:0:1 -  -  [16/一月/2017:09:42:38 +0800] "GET /itava/commonjs/jQuery-2.2.0.min.js?_=1484530957944 HTTP/1.1" 200 85589 
0:0:0:0:0:0:0:1 -  -  [16/一月/2017:09:42:38 +0800] "GET /itava/aframe/bootstrap/js/bootstrap.min.js?_=1484530957945 HTTP/1.1" 200 36816 
0:0:0:0:0:0:0:1 -  -  [16/一月/2017:09:42:38 +0800] "GET /itava/aframe/adminlte/js/app.js?_=1484530957946 HTTP/1.1" 200 22743 
0:0:0:0:0:0:0:1 -  -  [16/一月/2017:09:42:38 +0800] "GET /itava/aframe/bootstrap-table/bootstrap-table.js?_=1484530957947 HTTP/1.1" 200 112509 
0:0:0:0:0:0:0:1 -  -  [16/一月/2017:09:42:38 +0800] "GET /itava/aframe/bootstrap-table/bootstrap-table-zh-CN.js?_=1484530957948 HTTP/1.1" 200 1268 
0:0:0:0:0:0:0:1 -  -  [16/一月/2017:09:42:38 +0800] "GET /itava/aframe/datatables/jquery.dataTables.js?_=1484530957949 HTTP/1.1" 200 438979 
0:0:0:0:0:0:0:1 -  -  [16/一月/2017:09:42:38 +0800] "GET /itava/aframe/datatables/dataTables.bootstrap.min.js?_=1484530957950 HTTP/1.1" 200 2065 
0:0:0:0:0:0:0:1 -  -  [16/一月/2017:09:42:38 +0800] "GET /itava/aframe/slimScroll/jquery.slimscroll.min.js?_=1484530957951 HTTP/1.1" 200 6230 
0:0:0:0:0:0:0:1 -  -  [16/一月/2017:09:42:38 +0800] "GET /itava/aframe/bootstrap-paginator/bootstrap-paginator.min.js?_=1484530957952 HTTP/1.1" 200 9373 
0:0:0:0:0:0:0:1 -  -  [16/一月/2017:09:42:38 +0800] "GET /itava/commonjs/closable-tab-div.js?_=1484530957953 HTTP/1.1" 200 1783 
0:0:0:0:0:0:0:1 -  -  [16/一月/2017:09:42:38 +0800] "GET /itava/commonjs/self_define.js?_=1484530957954 HTTP/1.1" 200 823 
0:0:0:0:0:0:0:1 -  -  [16/一月/2017:09:42:41 +0800] "GET /itava/bsUser/showUser HTTP/1.1" 200 11404 
0:0:0:0:0:0:0:1 -  -  [16/一月/2017:09:42:41 +0800] "GET /itava/bsUser/bsUser/selectUserPage?truename=&telephone= HTTP/1.1" 200 2703 
0:0:0:0:0:0:0:1 -  -  [16/一月/2017:09:42:41 +0800] "GET /itava/bsResource/getLeftMenu?_=1484530961699 HTTP/1.1" 200 726 
0:0:0:0:0:0:0:1 -  -  [16/一月/2017:09:42:41 +0800] "GET /itava/commonjs/jQuery-2.2.0.min.js?_=1484530961700 HTTP/1.1" 200 85589 
0:0:0:0:0:0:0:1 -  -  [16/一月/2017:09:42:41 +0800] "GET /itava/aframe/bootstrap/js/bootstrap.min.js?_=1484530961701 HTTP/1.1" 200 36816 
0:0:0:0:0:0:0:1 -  -  [16/一月/2017:09:42:41 +0800] "GET /itava/aframe/adminlte/js/app.js?_=1484530961702 HTTP/1.1" 200 22743 
0:0:0:0:0:0:0:1 -  -  [16/一月/2017:09:42:41 +0800] "GET /itava/aframe/bootstrap-table/bootstrap-table.js?_=1484530961703 HTTP/1.1" 200 112509 
0:0:0:0:0:0:0:1 -  -  [16/一月/2017:09:42:41 +0800] "GET /itava/aframe/bootstrap-table/bootstrap-table-zh-CN.js?_=1484530961704 HTTP/1.1" 200 1268 
0:0:0:0:0:0:0:1 -  -  [16/一月/2017:09:42:41 +0800] "GET /itava/aframe/datatables/jquery.dataTables.js?_=1484530961705 HTTP/1.1" 200 438979 
0:0:0:0:0:0:0:1 -  -  [16/一月/2017:09:42:42 +0800] "GET /itava/aframe/datatables/dataTables.bootstrap.min.js?_=1484530961706 HTTP/1.1" 200 2065 
0:0:0:0:0:0:0:1 -  -  [16/一月/2017:09:42:42 +0800] "GET /itava/aframe/slimScroll/jquery.slimscroll.min.js?_=1484530961707 HTTP/1.1" 200 6230 
0:0:0:0:0:0:0:1 -  -  [16/一月/2017:09:42:42 +0800] "GET /itava/aframe/bootstrap-paginator/bootstrap-paginator.min.js?_=1484530961708 HTTP/1.1" 200 9373 
0:0:0:0:0:0:0:1 -  -  [16/一月/2017:09:42:42 +0800] "GET /itava/commonjs/closable-tab-div.js?_=1484530961709 HTTP/1.1" 200 1783 
0:0:0:0:0:0:0:1 -  -  [16/一月/2017:09:42:42 +0800] "GET /itava/commonjs/self_define.js?_=1484530961710 HTTP/1.1" 200 823 
0:0:0:0:0:0:0:1 -  -  [16/一月/2017:09:43:55 +0800] "GET /itava/main/index HTTP/1.1" 302 0 
0:0:0:0:0:0:0:1 -  -  [16/一月/2017:09:43:55 +0800] "GET /itava/bsUser/showUser HTTP/1.1" 200 11404 
0:0:0:0:0:0:0:1 -  -  [16/一月/2017:09:43:56 +0800] "GET /itava/main/index HTTP/1.1" 302 0 
0:0:0:0:0:0:0:1 -  -  [16/一月/2017:09:43:56 +0800] "GET /itava/bsUser/showUser HTTP/1.1" 200 11404 
0:0:0:0:0:0:0:1 -  -  [16/一月/2017:09:43:57 +0800] "GET /itava/bsUser/bsUser/selectUserPage?truename=&telephone= HTTP/1.1" 200 2703 
0:0:0:0:0:0:0:1 -  -  [16/一月/2017:09:43:57 +0800] "GET /itava/bsResource/getLeftMenu?_=1484531036904 HTTP/1.1" 200 726 
0:0:0:0:0:0:0:1 -  -  [16/一月/2017:09:43:57 +0800] "GET /itava/commonjs/jQuery-2.2.0.min.js?_=1484531036905 HTTP/1.1" 200 85589 
0:0:0:0:0:0:0:1 -  -  [16/一月/2017:09:43:57 +0800] "GET /itava/aframe/bootstrap/js/bootstrap.min.js?_=1484531036906 HTTP/1.1" 200 36816 
0:0:0:0:0:0:0:1 -  -  [16/一月/2017:09:43:57 +0800] "GET /itava/aframe/adminlte/js/app.js?_=1484531036907 HTTP/1.1" 200 22743 
0:0:0:0:0:0:0:1 -  -  [16/一月/2017:09:43:57 +0800] "GET /itava/aframe/bootstrap-table/bootstrap-table.js?_=1484531036908 HTTP/1.1" 200 112509 
0:0:0:0:0:0:0:1 -  -  [16/一月/2017:09:43:57 +0800] "GET /itava/aframe/bootstrap-table/bootstrap-table-zh-CN.js?_=1484531036909 HTTP/1.1" 200 1268 
0:0:0:0:0:0:0:1 -  -  [16/一月/2017:09:43:57 +0800] "GET /itava/aframe/datatables/jquery.dataTables.js?_=1484531036910 HTTP/1.1" 200 438979 
0:0:0:0:0:0:0:1 -  -  [16/一月/2017:09:43:57 +0800] "GET /itava/aframe/datatables/dataTables.bootstrap.min.js?_=1484531036911 HTTP/1.1" 200 2065 
0:0:0:0:0:0:0:1 -  -  [16/一月/2017:09:43:58 +0800] "GET /itava/aframe/slimScroll/jquery.slimscroll.min.js?_=1484531036912 HTTP/1.1" 200 6230 
0:0:0:0:0:0:0:1 -  -  [16/一月/2017:09:43:58 +0800] "GET /itava/aframe/bootstrap-paginator/bootstrap-paginator.min.js?_=1484531036913 HTTP/1.1" 200 9373 
0:0:0:0:0:0:0:1 -  -  [16/一月/2017:09:43:58 +0800] "GET /itava/commonjs/closable-tab-div.js?_=1484531036914 HTTP/1.1" 200 1783 
0:0:0:0:0:0:0:1 -  -  [16/一月/2017:09:43:58 +0800] "GET /itava/commonjs/self_define.js?_=1484531036915 HTTP/1.1" 200 823 
0:0:0:0:0:0:0:1 -  -  [16/一月/2017:09:44:30 +0800] "GET /itava/main/index HTTP/1.1" 302 0 
0:0:0:0:0:0:0:1 -  -  [16/一月/2017:09:44:30 +0800] "GET /itava/main/index HTTP/1.1" 302 0 
0:0:0:0:0:0:0:1 -  -  [16/一月/2017:09:44:30 +0800] "GET /itava/bsUser/showUser HTTP/1.1" 200 11397 
0:0:0:0:0:0:0:1 -  -  [16/一月/2017:09:44:30 +0800] "GET /itava/bsUser/showUser HTTP/1.1" 200 11397 
0:0:0:0:0:0:0:1 -  -  [16/一月/2017:09:44:31 +0800] "GET /itava/bsResource/getLeftMenu?_=1484531071665 HTTP/1.1" 200 726 
0:0:0:0:0:0:0:1 -  -  [16/一月/2017:09:44:31 +0800] "GET /itava/bsUser/selectUserPage?truename=&telephone= HTTP/1.1" 200 2358 
0:0:0:0:0:0:0:1 -  -  [16/一月/2017:09:59:09 +0800] "GET /itava/bsUser/showUser HTTP/1.1" 200 11397 
0:0:0:0:0:0:0:1 -  -  [16/一月/2017:09:59:09 +0800] "GET /itava/bsUser/selectUserPage?truename=&telephone= HTTP/1.1" 200 2358 
0:0:0:0:0:0:0:1 -  -  [16/一月/2017:09:59:09 +0800] "GET /itava/bsResource/getLeftMenu?_=1484531949513 HTTP/1.1" 200 726 
0:0:0:0:0:0:0:1 -  -  [16/一月/2017:09:59:09 +0800] "GET /favicon.ico HTTP/1.1" 200 1150 
0:0:0:0:0:0:0:1 -  -  [16/一月/2017:09:59:11 +0800] "GET /itava/bsUser/showUser HTTP/1.1" 200 11397 
0:0:0:0:0:0:0:1 -  -  [16/一月/2017:09:59:11 +0800] "GET /itava/bsResource/getLeftMenu?_=1484531951580 HTTP/1.1" 200 726 
0:0:0:0:0:0:0:1 -  -  [16/一月/2017:09:59:11 +0800] "GET /favicon.ico HTTP/1.1" 200 1150 
0:0:0:0:0:0:0:1 -  -  [16/一月/2017:09:59:11 +0800] "GET /itava/bsUser/selectUserPage?truename=&telephone= HTTP/1.1" 200 2358 
0:0:0:0:0:0:0:1 -  -  [16/一月/2017:10:07:53 +0800] "GET /itava/main/index HTTP/1.1" 302 0 
0:0:0:0:0:0:0:1 -  -  [16/一月/2017:10:07:53 +0800] "GET /itava/bsUser/showUser HTTP/1.1" 200 11397 
0:0:0:0:0:0:0:1 -  -  [16/一月/2017:10:07:54 +0800] "GET /itava/bsUser/selectUserPage?truename=&telephone= HTTP/1.1" 200 2358 
0:0:0:0:0:0:0:1 -  -  [16/一月/2017:10:07:54 +0800] "GET /itava/bsResource/getLeftMenu?_=1484532474093 HTTP/1.1" 200 726 
0:0:0:0:0:0:0:1 -  -  [16/一月/2017:10:07:57 +0800] "GET /itava/bsUser/showUser HTTP/1.1" 200 11397 
0:0:0:0:0:0:0:1 -  -  [16/一月/2017:10:07:58 +0800] "GET /itava/bsUser/selectUserPage?truename=&telephone= HTTP/1.1" 200 2358 
0:0:0:0:0:0:0:1 -  -  [16/一月/2017:10:07:58 +0800] "GET /itava/bsResource/getLeftMenu?_=1484532478317 HTTP/1.1" 200 726 
0:0:0:0:0:0:0:1 -  -  [16/一月/2017:10:08:20 +0800] "GET /itava/bsUser/bsUser/selectUserPage?currentPage=2&pageSize=10 HTTP/1.1" 200 2703 
0:0:0:0:0:0:0:1 -  -  [16/一月/2017:10:08:20 +0800] "GET /itava/commonjs/jQuery-2.2.0.min.js?_=1484532478318 HTTP/1.1" 200 85589 
0:0:0:0:0:0:0:1 -  -  [16/一月/2017:10:08:20 +0800] "GET /itava/aframe/bootstrap/js/bootstrap.min.js?_=1484532478319 HTTP/1.1" 200 36816 
0:0:0:0:0:0:0:1 -  -  [16/一月/2017:10:08:20 +0800] "GET /itava/aframe/adminlte/js/app.js?_=1484532478320 HTTP/1.1" 200 22743 
0:0:0:0:0:0:0:1 -  -  [16/一月/2017:10:08:20 +0800] "GET /itava/aframe/bootstrap-table/bootstrap-table.js?_=1484532478321 HTTP/1.1" 200 112509 
0:0:0:0:0:0:0:1 -  -  [16/一月/2017:10:08:20 +0800] "GET /itava/aframe/bootstrap-table/bootstrap-table-zh-CN.js?_=1484532478322 HTTP/1.1" 200 1268 
0:0:0:0:0:0:0:1 -  -  [16/一月/2017:10:08:21 +0800] "GET /itava/aframe/datatables/jquery.dataTables.js?_=1484532478323 HTTP/1.1" 200 438979 
0:0:0:0:0:0:0:1 -  -  [16/一月/2017:10:08:21 +0800] "GET /itava/aframe/datatables/dataTables.bootstrap.min.js?_=1484532478324 HTTP/1.1" 200 2065 
0:0:0:0:0:0:0:1 -  -  [16/一月/2017:10:08:21 +0800] "GET /itava/aframe/slimScroll/jquery.slimscroll.min.js?_=1484532478325 HTTP/1.1" 200 6230 
0:0:0:0:0:0:0:1 -  -  [16/一月/2017:10:08:21 +0800] "GET /itava/aframe/bootstrap-paginator/bootstrap-paginator.min.js?_=1484532478326 HTTP/1.1" 200 9373 
0:0:0:0:0:0:0:1 -  -  [16/一月/2017:10:08:21 +0800] "GET /itava/commonjs/closable-tab-div.js?_=1484532478327 HTTP/1.1" 200 1783 
0:0:0:0:0:0:0:1 -  -  [16/一月/2017:10:08:21 +0800] "GET /itava/commonjs/self_define.js?_=1484532478328 HTTP/1.1" 200 823 
0:0:0:0:0:0:0:1 -  -  [16/一月/2017:10:08:22 +0800] "GET /itava/bsUser/bsUser/selectUserPage?currentPage=1&pageSize=10 HTTP/1.1" 200 2703 
0:0:0:0:0:0:0:1 -  -  [16/一月/2017:10:08:22 +0800] "GET /itava/commonjs/jQuery-2.2.0.min.js?_=1484532500834 HTTP/1.1" 200 85589 
0:0:0:0:0:0:0:1 -  -  [16/一月/2017:10:08:22 +0800] "GET /itava/aframe/bootstrap/js/bootstrap.min.js?_=1484532500835 HTTP/1.1" 200 36816 
0:0:0:0:0:0:0:1 -  -  [16/一月/2017:10:08:22 +0800] "GET /itava/aframe/adminlte/js/app.js?_=1484532500836 HTTP/1.1" 200 22743 
0:0:0:0:0:0:0:1 -  -  [16/一月/2017:10:08:22 +0800] "GET /itava/aframe/bootstrap-table/bootstrap-table.js?_=1484532500837 HTTP/1.1" 200 112509 
0:0:0:0:0:0:0:1 -  -  [16/一月/2017:10:08:22 +0800] "GET /itava/aframe/bootstrap-table/bootstrap-table-zh-CN.js?_=1484532500838 HTTP/1.1" 200 1268 
0:0:0:0:0:0:0:1 -  -  [16/一月/2017:10:08:22 +0800] "GET /itava/aframe/datatables/jquery.dataTables.js?_=1484532500839 HTTP/1.1" 200 438979 
0:0:0:0:0:0:0:1 -  -  [16/一月/2017:10:08:22 +0800] "GET /itava/aframe/datatables/dataTables.bootstrap.min.js?_=1484532500840 HTTP/1.1" 200 2065 
0:0:0:0:0:0:0:1 -  -  [16/一月/2017:10:08:22 +0800] "GET /itava/aframe/slimScroll/jquery.slimscroll.min.js?_=1484532500841 HTTP/1.1" 200 6230 
0:0:0:0:0:0:0:1 -  -  [16/一月/2017:10:08:22 +0800] "GET /itava/aframe/bootstrap-paginator/bootstrap-paginator.min.js?_=1484532500842 HTTP/1.1" 200 9373 
0:0:0:0:0:0:0:1 -  -  [16/一月/2017:10:08:23 +0800] "GET /itava/commonjs/closable-tab-div.js?_=1484532500843 HTTP/1.1" 200 1783 
0:0:0:0:0:0:0:1 -  -  [16/一月/2017:10:08:23 +0800] "GET /itava/commonjs/self_define.js?_=1484532500844 HTTP/1.1" 200 823 
0:0:0:0:0:0:0:1 -  -  [16/一月/2017:10:08:27 +0800] "GET /itava/bsUser/showUser HTTP/1.1" 200 11397 
0:0:0:0:0:0:0:1 -  -  [16/一月/2017:10:08:28 +0800] "GET /itava/bsUser/selectUserPage?truename=&telephone= HTTP/1.1" 200 2358 
0:0:0:0:0:0:0:1 -  -  [16/一月/2017:10:08:28 +0800] "GET /itava/bsResource/getLeftMenu?_=1484532508254 HTTP/1.1" 200 726 
0:0:0:0:0:0:0:1 -  -  [16/一月/2017:10:08:35 +0800] "GET /itava/bsUser/selectUserPage?truename=%0915236630210&telephone= HTTP/1.1" 200 1300 
0:0:0:0:0:0:0:1 -  -  [16/一月/2017:10:08:40 +0800] "GET /itava/bsUser/selectUserPage?truename=15&telephone= HTTP/1.1" 200 1300 
0:0:0:0:0:0:0:1 -  -  [16/一月/2017:10:08:42 +0800] "GET /itava/bsUser/selectUserPage?truename=15&telephone= HTTP/1.1" 200 1300 
0:0:0:0:0:0:0:1 -  -  [16/一月/2017:10:08:52 +0800] "GET /itava/bsUser/selectUserPage?truename=&telephone= HTTP/1.1" 200 2358 
0:0:0:0:0:0:0:1 -  -  [16/一月/2017:10:09:02 +0800] "GET /itava/bsUser/selectUserPage?truename=&telephone=15 HTTP/1.1" 200 2358 
0:0:0:0:0:0:0:1 -  -  [16/一月/2017:10:09:09 +0800] "GET /itava/bsUser/selectUserPage?truename=&telephone=153 HTTP/1.1" 200 1512 
0:0:0:0:0:0:0:1 -  -  [16/一月/2017:10:09:19 +0800] "GET /itava/bsUser/showUser HTTP/1.1" 200 11397 
0:0:0:0:0:0:0:1 -  -  [16/一月/2017:10:09:19 +0800] "GET /favicon.ico HTTP/1.1" 200 1150 
0:0:0:0:0:0:0:1 -  -  [16/一月/2017:10:09:19 +0800] "GET /itava/bsUser/selectUserPage?truename=&telephone= HTTP/1.1" 200 2358 
0:0:0:0:0:0:0:1 -  -  [16/一月/2017:10:09:19 +0800] "GET /itava/bsResource/getLeftMenu?_=1484532559825 HTTP/1.1" 200 726 
0:0:0:0:0:0:0:1 -  -  [16/一月/2017:10:11:14 +0800] "GET /itava/bsUser/showUser HTTP/1.1" 200 9237 
0:0:0:0:0:0:0:1 -  -  [16/一月/2017:10:11:15 +0800] "GET /favicon.ico HTTP/1.1" 200 1150 
0:0:0:0:0:0:0:1 -  -  [16/一月/2017:10:11:15 +0800] "GET /itava/bsResource/getLeftMenu?_=1484532674943 HTTP/1.1" 200 726 
0:0:0:0:0:0:0:1 -  -  [16/一月/2017:10:11:15 +0800] "GET /itava/bsUser/selectUserPage?truename=&telephone= HTTP/1.1" 200 2351 
0:0:0:0:0:0:0:1 -  -  [16/一月/2017:10:11:17 +0800] "GET /itava/bsUser/showUser HTTP/1.1" 200 9237 
0:0:0:0:0:0:0:1 -  -  [16/一月/2017:10:11:18 +0800] "GET /itava/bsUser/selectUserPage?truename=&telephone= HTTP/1.1" 200 2351 
0:0:0:0:0:0:0:1 -  -  [16/一月/2017:10:11:18 +0800] "GET /itava/bsResource/getLeftMenu?_=1484532677994 HTTP/1.1" 200 726 
0:0:0:0:0:0:0:1 -  -  [16/一月/2017:10:11:21 +0800] "GET /itava/bsUser/showUser HTTP/1.1" 200 9237 
0:0:0:0:0:0:0:1 -  -  [16/一月/2017:10:11:22 +0800] "GET /itava/bsUser/selectUserPage?truename=&telephone= HTTP/1.1" 200 2351 
0:0:0:0:0:0:0:1 -  -  [16/一月/2017:10:11:22 +0800] "GET /itava/bsResource/getLeftMenu?_=1484532682039 HTTP/1.1" 200 726 
0:0:0:0:0:0:0:1 -  -  [16/一月/2017:10:11:24 +0800] "GET /itava/bsUser/showUser HTTP/1.1" 200 9237 
0:0:0:0:0:0:0:1 -  -  [16/一月/2017:10:11:24 +0800] "GET /itava/bsUser/selectUserPage?truename=&telephone= HTTP/1.1" 200 2351 
0:0:0:0:0:0:0:1 -  -  [16/一月/2017:10:11:24 +0800] "GET /itava/bsResource/getLeftMenu?_=1484532684709 HTTP/1.1" 200 726 
0:0:0:0:0:0:0:1 -  -  [16/一月/2017:10:11:33 +0800] "GET /itava/main/index HTTP/1.1" 302 0 
0:0:0:0:0:0:0:1 -  -  [16/一月/2017:10:11:33 +0800] "GET /itava/bsUser/showUser HTTP/1.1" 200 9237 
0:0:0:0:0:0:0:1 -  -  [16/一月/2017:10:11:34 +0800] "GET /itava/bsUser/selectUserPage?truename=&telephone= HTTP/1.1" 200 2351 
0:0:0:0:0:0:0:1 -  -  [16/一月/2017:10:11:34 +0800] "GET /itava/bsResource/getLeftMenu?_=1484532693943 HTTP/1.1" 200 726 
0:0:0:0:0:0:0:1 -  -  [16/一月/2017:10:11:38 +0800] "GET /itava/bsUser/showUser HTTP/1.1" 200 9237 
0:0:0:0:0:0:0:1 -  -  [16/一月/2017:10:11:38 +0800] "GET /itava/bsUser/selectUserPage?truename=&telephone= HTTP/1.1" 200 2351 
0:0:0:0:0:0:0:1 -  -  [16/一月/2017:10:11:38 +0800] "GET /itava/bsResource/getLeftMenu?_=1484532698275 HTTP/1.1" 200 726 
